<?xml version="1.0" encoding="UTF-8" ?>
<testsuite errors="0" failures="0" hostname="FarihaMuna-PC" name="org.netbeans.modules.compapp.catd.ConfiguredTest" tests="1" time="1.519" timestamp="2010-11-29T11:39:37">
  <properties>
[...]
</properties>
  <testcase classname="org.netbeans.modules.compapp.catd.ConfiguredTest" name="TestStartPlanning" time="1.439" />
  <system-out><![CDATA[{java.runtime.name=Java(TM) SE Runtime Environment, sun.boot.library.path=C:\Program Files\Java\jdk1.6.0_21\jre\bin, java.vm.version=17.0-b16, java.vm.vendor=Sun Microsystems Inc., java.vendor.url=http://java.sun.com/, path.separator=;, java.vm.name=Java HotSpot(TM) Client VM, file.encoding.pkg=sun.io, sun.java.launcher=SUN_STANDARD, user.country=US, sun.os.patch.level=, java.vm.specification.name=Java Virtual Machine Specification, user.dir=C:\Users\FarihaMuna\Documents\NetBeansProjects\TravelGoodCA, java.runtime.version=1.6.0_21-b06, java.awt.graphicsenv=sun.awt.Win32GraphicsEnvironment, inDebug=${inDebug}, java.endorsed.dirs=C:\Program Files\Java\jdk1.6.0_21\jre\lib\endorsed, os.arch=x86, java.io.tmpdir=C:\Users\FARIHA~1\AppData\Local\Temp\, line.separator=
, java.vm.specification.vendor=Sun Microsystems Inc., user.variant=, os.name=Windows 7, sun.jnu.encoding=Cp1252, java.library.path=C:\Program Files\Java\jdk1.6.0_21\jre\bin;.;C:\Windows\Sun\Java\bin;C:\Windows\system32;C:\Windows;C:\Program Files\MiKTeX 2.9\miktex\bin;C:\Windows\system32;C:\Windows;C:\Windows\System32\Wbem;C:\Windows\System32\WindowsPowerShell\v1.0\;C:\WindowsC:\Program Files\Java\jdk1.6.0_21\bin;C:\Program Files\MinGW\bin;C:\Program Files\MATLAB\R2009b\runtime\win32;C:\Program Files\MATLAB\R2009b\bin;C:\Program Files\Microsoft SQL Server\100\Tools\Binn\;C:\Program Files\Microsoft SQL Server\100\DTS\Binn\, java.specification.name=Java Platform API Specification, java.class.version=50.0, sun.management.compiler=HotSpot Client Compiler, os.version=6.1, user.home=C:\Users\FarihaMuna, user.timezone=Europe/Paris, java.awt.printerjob=sun.awt.windows.WPrinterJob, file.encoding=Cp1252, java.specification.version=1.6, java.class.path=D:\Program Files\Netbeans\soa2\modules\org-netbeans-modules-compapp-manager-jbi.jar;D:\Program Files\Netbeans\soa2\modules\org-netbeans-modules-compapp-projects-jbi.jar;D:\Program Files\Netbeans\soa2\modules\ext\jbi\jbi-admin-common.jar;D:\Program Files\Netbeans\soa2\modules\ext\jbi\catd.jar;D:\Program Files\Netbeans\java2\modules\ext\junit-3.8.2.jar;D:\Program Files\Netbeans\java2\modules\ext\jaxws21\api\saaj-api.jar;D:\Program Files\Netbeans\java2\modules\ext\jaxws21\saaj-impl.jar;D:\Program Files\Netbeans\java2\modules\ext\jaxws21\FastInfoset.jar;D:\Program Files\Netbeans\ide10\modules\org-netbeans-modules-editor-lib.jar;D:\Program Files\Netbeans\ide10\modules\org-netbeans-modules-editor.jar;D:\Program Files\Netbeans\ide10\modules\org-netbeans-modules-editor-util.jar;D:\Program Files\Netbeans\ide10\modules\org-netbeans-modules-editor-lib2.jar;D:\Program Files\Netbeans\ide10\modules\org-netbeans-modules-editor-indent.jar;D:\Program Files\Netbeans\ide10\modules\org-netbeans-modules-editor-plain.jar;D:\Program Files\Netbeans\ide10\modules\org-netbeans-modules-editor-plain-lib.jar;D:\Program Files\Netbeans\ide10\modules\org-netbeans-modules-editor-settings.jar;D:\Program Files\Netbeans\ide10\modules\org-netbeans-modules-editor-settings-storage.jar;D:\Program Files\Netbeans\ide10\modules\org-netbeans-modules-lexer.jar;D:\Program Files\Netbeans\ide10\modules\org-netbeans-modules-xml-core.jar;D:\Program Files\Netbeans\ide10\modules\org-netbeans-modules-xml-lexer.jar;D:\Program Files\Netbeans\ide10\modules\org-netbeans-modules-xml-text.jar;D:\Program Files\Netbeans\ide10\modules\org-netbeans-modules-xml-xdm.jar;D:\Program Files\Netbeans\ide10\modules\org-netbeans-modules-xml-xam.jar;D:\Program Files\Netbeans\ide10\modules\ext\jaxb\activation.jar;D:\Program Files\Netbeans\platform9\lib\org-openide-modules.jar;D:\Program Files\Netbeans\platform9\lib\org-openide-util.jar;D:\Program Files\Netbeans\platform9\modules\org-openide-options.jar;D:\Program Files\Netbeans\platform9\modules\org-openide-text.jar;D:\Program Files\Netbeans\platform9\modules\org-openide-loaders.jar;D:\Program Files\Netbeans\platform9\modules\org-openide-nodes.jar;D:\Program Files\Netbeans\platform9\modules\org-netbeans-modules-editor-mimelookup.jar;D:\Program Files\Netbeans\platform9\modules\org-netbeans-modules-editor-mimelookup-impl.jar;D:\Program Files\Netbeans\platform9\core\org-openide-filesystems.jar;D:\Program Files\Netbeans\java2\ant\lib\ant-launcher.jar;D:\Program Files\Netbeans\java2\ant\lib\ant.jar;D:\Program Files\Netbeans\java2\ant\patches\72080.jar, user.name=FarihaMuna, java.vm.specification.version=1.0, java.home=C:\Program Files\Java\jdk1.6.0_21\jre, sun.arch.data.model=32, user.language=en, java.specification.vendor=Sun Microsystems Inc., NetBeansUserDir=C:\Users\FarihaMuna\.netbeans\6.5, awt.toolkit=sun.awt.windows.WToolkit, java.vm.info=mixed mode, sharing, java.version=1.6.0_21, java.ext.dirs=C:\Program Files\Java\jdk1.6.0_21\jre\lib\ext;C:\Windows\Sun\Java\lib\ext, sun.boot.class.path=C:\Program Files\Java\jdk1.6.0_21\jre\lib\resources.jar;C:\Program Files\Java\jdk1.6.0_21\jre\lib\rt.jar;C:\Program Files\Java\jdk1.6.0_21\jre\lib\sunrsasign.jar;C:\Program Files\Java\jdk1.6.0_21\jre\lib\jsse.jar;C:\Program Files\Java\jdk1.6.0_21\jre\lib\jce.jar;C:\Program Files\Java\jdk1.6.0_21\jre\lib\charsets.jar;C:\Program Files\Java\jdk1.6.0_21\jre\classes, java.vendor=Sun Microsystems Inc., file.separator=\, java.vendor.url.bug=http://java.sun.com/cgi-bin/bugreport.cgi, sun.io.unicode.encoding=UnicodeLittle, sun.cpu.endian=little, sun.desktop=windows, sun.cpu.isalist=pentium_pro+mmx pentium_pro pentium+mmx pentium i486 i386 i86}
Test TestStartPlanning\Concurrent.properties Passed. Threads count Success: <1> Error: <0> Not completed: <0>
]]></system-out>
  <system-err><![CDATA[Nov 29, 2010 12:39:38 PM org.netbeans.modules.editor.settings.storage.Utils load
WARNING: Invalid or corrupted file: Editors/Keybindings/NetBeans/Defaults/org-netbeans-modules-editor-keybindings.xml
java.net.UnknownHostException: www.netbeans.org
	at java.net.PlainSocketImpl.connect(PlainSocketImpl.java:177)
	at java.net.SocksSocketImpl.connect(SocksSocketImpl.java:366)
	at java.net.Socket.connect(Socket.java:529)
	at java.net.Socket.connect(Socket.java:478)
	at sun.net.NetworkClient.doConnect(NetworkClient.java:163)
	at sun.net.www.http.HttpClient.openServer(HttpClient.java:394)
	at sun.net.www.http.HttpClient.openServer(HttpClient.java:529)
	at sun.net.www.http.HttpClient.<init>(HttpClient.java:233)
	at sun.net.www.http.HttpClient.New(HttpClient.java:306)
	at sun.net.www.http.HttpClient.New(HttpClient.java:323)
	at sun.net.www.protocol.http.HttpURLConnection.getNewHttpClient(HttpURLConnection.java:860)
	at sun.net.www.protocol.http.HttpURLConnection.plainConnect(HttpURLConnection.java:801)
	at sun.net.www.protocol.http.HttpURLConnection.connect(HttpURLConnection.java:726)
	at sun.net.www.protocol.http.HttpURLConnection.getInputStream(HttpURLConnection.java:1049)
	at com.sun.org.apache.xerces.internal.impl.XMLEntityManager.setupCurrentEntity(XMLEntityManager.java:677)
	at com.sun.org.apache.xerces.internal.impl.XMLEntityManager.startEntity(XMLEntityManager.java:1315)
	at com.sun.org.apache.xerces.internal.impl.XMLEntityManager.startDTDEntity(XMLEntityManager.java:1282)
	at com.sun.org.apache.xerces.internal.impl.XMLDTDScannerImpl.setInputSource(XMLDTDScannerImpl.java:283)
	at com.sun.org.apache.xerces.internal.impl.XMLDocumentScannerImpl$DTDDriver.dispatch(XMLDocumentScannerImpl.java:1194)
	at com.sun.org.apache.xerces.internal.impl.XMLDocumentScannerImpl$DTDDriver.next(XMLDocumentScannerImpl.java:1090)
	at com.sun.org.apache.xerces.internal.impl.XMLDocumentScannerImpl$PrologDriver.next(XMLDocumentScannerImpl.java:1003)
	at com.sun.org.apache.xerces.internal.impl.XMLDocumentScannerImpl.next(XMLDocumentScannerImpl.java:648)
	at com.sun.org.apache.xerces.internal.impl.XMLDocumentFragmentScannerImpl.scanDocument(XMLDocumentFragmentScannerImpl.java:511)
	at com.sun.org.apache.xerces.internal.parsers.XML11Configuration.parse(XML11Configuration.java:808)
	at com.sun.org.apache.xerces.internal.parsers.XML11Configuration.parse(XML11Configuration.java:737)
	at com.sun.org.apache.xerces.internal.parsers.XMLParser.parse(XMLParser.java:119)
	at com.sun.org.apache.xerces.internal.parsers.AbstractSAXParser.parse(AbstractSAXParser.java:1205)
	at com.sun.org.apache.xerces.internal.jaxp.SAXParserImpl$JAXPSAXParser.parse(SAXParserImpl.java:522)
	at org.netbeans.modules.editor.settings.storage.Utils.load(Utils.java:336)
	at org.netbeans.modules.editor.settings.storage.StorageImpl._load(StorageImpl.java:261)
	at org.netbeans.modules.editor.settings.storage.StorageImpl.load(StorageImpl.java:110)
	at org.netbeans.modules.editor.settings.storage.api.EditorSettingsStorage.load(EditorSettingsStorage.java:86)
	at org.netbeans.modules.editor.settings.storage.keybindings.KeyBindingSettingsImpl.getShortcuts(KeyBindingSettingsImpl.java:169)
	at org.netbeans.modules.editor.settings.storage.keybindings.KeyBindingSettingsImpl.createInstanceForLookup(KeyBindingSettingsImpl.java:279)
	at org.netbeans.modules.editor.settings.storage.SettingsProvider$MyLookup.<init>(SettingsProvider.java:257)
	at org.netbeans.modules.editor.settings.storage.SettingsProvider$MyLookup.<init>(SettingsProvider.java:151)
	at org.netbeans.modules.editor.settings.storage.SettingsProvider.getLookup(SettingsProvider.java:127)
	at org.netbeans.modules.editor.mimelookup.MimePathLookup.rebuild(MimePathLookup.java:118)
	at org.netbeans.modules.editor.mimelookup.MimePathLookup.beforeLookup(MimePathLookup.java:100)
	at org.openide.util.lookup.ProxyLookup.lookup(ProxyLookup.java:197)
	at org.netbeans.editor.BaseDocument.init(BaseDocument.java:515)
	at org.netbeans.editor.BaseDocument.<init>(BaseDocument.java:495)
	at org.netbeans.modules.xml.xdm.diff.XDMUtil.compareXML(XDMUtil.java:163)
	at org.netbeans.modules.xml.xdm.diff.XDMUtil.compareXML(XDMUtil.java:143)
	at org.netbeans.modules.compapp.catd.ConfiguredTest.testCompareXMLIdentical(ConfiguredTest.java:2726)
	at org.netbeans.modules.compapp.catd.ConfiguredTest.testCompareXMLIdentical(ConfiguredTest.java:2719)
	at org.netbeans.modules.compapp.catd.ConfiguredTest.checkExpectedOutput(ConfiguredTest.java:2229)
	at org.netbeans.modules.compapp.catd.ConfiguredTest.checkExpectedOutput(ConfiguredTest.java:2122)
	at org.netbeans.modules.compapp.catd.ConfiguredTest.testConcurrentSOAPRequest(ConfiguredTest.java:748)
	at sun.reflect.NativeMethodAccessorImpl.invoke0(Native Method)
	at sun.reflect.NativeMethodAccessorImpl.invoke(NativeMethodAccessorImpl.java:39)
	at sun.reflect.DelegatingMethodAccessorImpl.invoke(DelegatingMethodAccessorImpl.java:25)
	at java.lang.reflect.Method.invoke(Method.java:597)
	at junit.framework.TestCase.runTest(TestCase.java:164)
	at junit.framework.TestCase.runBare(TestCase.java:130)
	at junit.framework.TestResult$1.protect(TestResult.java:106)
	at junit.framework.TestResult.runProtected(TestResult.java:124)
	at junit.framework.TestResult.run(TestResult.java:109)
	at junit.framework.TestCase.run(TestCase.java:120)
	at junit.framework.TestSuite.runTest(TestSuite.java:230)
	at junit.framework.TestSuite.run(TestSuite.java:225)
	at org.apache.tools.ant.taskdefs.optional.junit.JUnitTestRunner.run(JUnitTestRunner.java:515)
	at org.apache.tools.ant.taskdefs.optional.junit.JUnitTestRunner.launch(JUnitTestRunner.java:1031)
	at org.apache.tools.ant.taskdefs.optional.junit.JUnitTestRunner.main(JUnitTestRunner.java:888)
Nov 29, 2010 12:39:38 PM org.netbeans.modules.editor.settings.storage.Utils load
WARNING: Invalid or corrupted file: Editors/text/xml/Preferences/Defaults/org-netbeans-modules-xml-text-xmlPreferences.xml
java.net.UnknownHostException: www.netbeans.org
	at java.net.PlainSocketImpl.connect(PlainSocketImpl.java:177)
	at java.net.SocksSocketImpl.connect(SocksSocketImpl.java:366)
	at java.net.Socket.connect(Socket.java:529)
	at java.net.Socket.connect(Socket.java:478)
	at sun.net.NetworkClient.doConnect(NetworkClient.java:163)
	at sun.net.www.http.HttpClient.openServer(HttpClient.java:394)
	at sun.net.www.http.HttpClient.openServer(HttpClient.java:529)
	at sun.net.www.http.HttpClient.<init>(HttpClient.java:233)
	at sun.net.www.http.HttpClient.New(HttpClient.java:306)
	at sun.net.www.http.HttpClient.New(HttpClient.java:323)
	at sun.net.www.protocol.http.HttpURLConnection.getNewHttpClient(HttpURLConnection.java:860)
	at sun.net.www.protocol.http.HttpURLConnection.plainConnect(HttpURLConnection.java:801)
	at sun.net.www.protocol.http.HttpURLConnection.connect(HttpURLConnection.java:726)
	at sun.net.www.protocol.http.HttpURLConnection.getInputStream(HttpURLConnection.java:1049)
	at com.sun.org.apache.xerces.internal.impl.XMLEntityManager.setupCurrentEntity(XMLEntityManager.java:677)
	at com.sun.org.apache.xerces.internal.impl.XMLEntityManager.startEntity(XMLEntityManager.java:1315)
	at com.sun.org.apache.xerces.internal.impl.XMLEntityManager.startDTDEntity(XMLEntityManager.java:1282)
	at com.sun.org.apache.xerces.internal.impl.XMLDTDScannerImpl.setInputSource(XMLDTDScannerImpl.java:283)
	at com.sun.org.apache.xerces.internal.impl.XMLDocumentScannerImpl$DTDDriver.dispatch(XMLDocumentScannerImpl.java:1194)
	at com.sun.org.apache.xerces.internal.impl.XMLDocumentScannerImpl$DTDDriver.next(XMLDocumentScannerImpl.java:1090)
	at com.sun.org.apache.xerces.internal.impl.XMLDocumentScannerImpl$PrologDriver.next(XMLDocumentScannerImpl.java:1003)
	at com.sun.org.apache.xerces.internal.impl.XMLDocumentScannerImpl.next(XMLDocumentScannerImpl.java:648)
	at com.sun.org.apache.xerces.internal.impl.XMLDocumentFragmentScannerImpl.scanDocument(XMLDocumentFragmentScannerImpl.java:511)
	at com.sun.org.apache.xerces.internal.parsers.XML11Configuration.parse(XML11Configuration.java:808)
	at com.sun.org.apache.xerces.internal.parsers.XML11Configuration.parse(XML11Configuration.java:737)
	at com.sun.org.apache.xerces.internal.parsers.XMLParser.parse(XMLParser.java:119)
	at com.sun.org.apache.xerces.internal.parsers.AbstractSAXParser.parse(AbstractSAXParser.java:1205)
	at com.sun.org.apache.xerces.internal.jaxp.SAXParserImpl$JAXPSAXParser.parse(SAXParserImpl.java:522)
	at org.netbeans.modules.editor.settings.storage.Utils.load(Utils.java:336)
	at org.netbeans.modules.editor.settings.storage.StorageImpl._load(StorageImpl.java:261)
	at org.netbeans.modules.editor.settings.storage.StorageImpl.load(StorageImpl.java:110)
	at org.netbeans.modules.editor.settings.storage.api.EditorSettingsStorage.load(EditorSettingsStorage.java:86)
	at org.netbeans.modules.editor.settings.storage.preferences.PreferencesImpl.getLocal(PreferencesImpl.java:455)
	at org.netbeans.modules.editor.settings.storage.preferences.PreferencesImpl.getSpi(PreferencesImpl.java:289)
	at java.util.prefs.AbstractPreferences.get(AbstractPreferences.java:270)
	at java.util.prefs.AbstractPreferences.getInt(AbstractPreferences.java:369)
	at org.netbeans.editor.BaseDocument$1.preferenceChange(BaseDocument.java:344)
	at org.netbeans.editor.BaseDocument.init(BaseDocument.java:516)
	at org.netbeans.editor.BaseDocument.<init>(BaseDocument.java:495)
	at org.netbeans.modules.xml.xdm.diff.XDMUtil.compareXML(XDMUtil.java:163)
	at org.netbeans.modules.xml.xdm.diff.XDMUtil.compareXML(XDMUtil.java:143)
	at org.netbeans.modules.compapp.catd.ConfiguredTest.testCompareXMLIdentical(ConfiguredTest.java:2726)
	at org.netbeans.modules.compapp.catd.ConfiguredTest.testCompareXMLIdentical(ConfiguredTest.java:2719)
	at org.netbeans.modules.compapp.catd.ConfiguredTest.checkExpectedOutput(ConfiguredTest.java:2229)
	at org.netbeans.modules.compapp.catd.ConfiguredTest.checkExpectedOutput(ConfiguredTest.java:2122)
	at org.netbeans.modules.compapp.catd.ConfiguredTest.testConcurrentSOAPRequest(ConfiguredTest.java:748)
	at sun.reflect.NativeMethodAccessorImpl.invoke0(Native Method)
	at sun.reflect.NativeMethodAccessorImpl.invoke(NativeMethodAccessorImpl.java:39)
	at sun.reflect.DelegatingMethodAccessorImpl.invoke(DelegatingMethodAccessorImpl.java:25)
	at java.lang.reflect.Method.invoke(Method.java:597)
	at junit.framework.TestCase.runTest(TestCase.java:164)
	at junit.framework.TestCase.runBare(TestCase.java:130)
	at junit.framework.TestResult$1.protect(TestResult.java:106)
	at junit.framework.TestResult.runProtected(TestResult.java:124)
	at junit.framework.TestResult.run(TestResult.java:109)
	at junit.framework.TestCase.run(TestCase.java:120)
	at junit.framework.TestSuite.runTest(TestSuite.java:230)
	at junit.framework.TestSuite.run(TestSuite.java:225)
	at org.apache.tools.ant.taskdefs.optional.junit.JUnitTestRunner.run(JUnitTestRunner.java:515)
	at org.apache.tools.ant.taskdefs.optional.junit.JUnitTestRunner.launch(JUnitTestRunner.java:1031)
	at org.apache.tools.ant.taskdefs.optional.junit.JUnitTestRunner.main(JUnitTestRunner.java:888)
Nov 29, 2010 12:39:38 PM org.netbeans.modules.editor.settings.storage.Utils load
WARNING: Invalid or corrupted file: Editors/Preferences/Defaults/org-netbeans-modules-editor-preferences.xml
java.net.UnknownHostException: www.netbeans.org
	at java.net.PlainSocketImpl.connect(PlainSocketImpl.java:177)
	at java.net.SocksSocketImpl.connect(SocksSocketImpl.java:366)
	at java.net.Socket.connect(Socket.java:529)
	at java.net.Socket.connect(Socket.java:478)
	at sun.net.NetworkClient.doConnect(NetworkClient.java:163)
	at sun.net.www.http.HttpClient.openServer(HttpClient.java:394)
	at sun.net.www.http.HttpClient.openServer(HttpClient.java:529)
	at sun.net.www.http.HttpClient.<init>(HttpClient.java:233)
	at sun.net.www.http.HttpClient.New(HttpClient.java:306)
	at sun.net.www.http.HttpClient.New(HttpClient.java:323)
	at sun.net.www.protocol.http.HttpURLConnection.getNewHttpClient(HttpURLConnection.java:860)
	at sun.net.www.protocol.http.HttpURLConnection.plainConnect(HttpURLConnection.java:801)
	at sun.net.www.protocol.http.HttpURLConnection.connect(HttpURLConnection.java:726)
	at sun.net.www.protocol.http.HttpURLConnection.getInputStream(HttpURLConnection.java:1049)
	at com.sun.org.apache.xerces.internal.impl.XMLEntityManager.setupCurrentEntity(XMLEntityManager.java:677)
	at com.sun.org.apache.xerces.internal.impl.XMLEntityManager.startEntity(XMLEntityManager.java:1315)
	at com.sun.org.apache.xerces.internal.impl.XMLEntityManager.startDTDEntity(XMLEntityManager.java:1282)
	at com.sun.org.apache.xerces.internal.impl.XMLDTDScannerImpl.setInputSource(XMLDTDScannerImpl.java:283)
	at com.sun.org.apache.xerces.internal.impl.XMLDocumentScannerImpl$DTDDriver.dispatch(XMLDocumentScannerImpl.java:1194)
	at com.sun.org.apache.xerces.internal.impl.XMLDocumentScannerImpl$DTDDriver.next(XMLDocumentScannerImpl.java:1090)
	at com.sun.org.apache.xerces.internal.impl.XMLDocumentScannerImpl$PrologDriver.next(XMLDocumentScannerImpl.java:1003)
	at com.sun.org.apache.xerces.internal.impl.XMLDocumentScannerImpl.next(XMLDocumentScannerImpl.java:648)
	at com.sun.org.apache.xerces.internal.impl.XMLDocumentFragmentScannerImpl.scanDocument(XMLDocumentFragmentScannerImpl.java:511)
	at com.sun.org.apache.xerces.internal.parsers.XML11Configuration.parse(XML11Configuration.java:808)
	at com.sun.org.apache.xerces.internal.parsers.XML11Configuration.parse(XML11Configuration.java:737)
	at com.sun.org.apache.xerces.internal.parsers.XMLParser.parse(XMLParser.java:119)
	at com.sun.org.apache.xerces.internal.parsers.AbstractSAXParser.parse(AbstractSAXParser.java:1205)
	at com.sun.org.apache.xerces.internal.jaxp.SAXParserImpl$JAXPSAXParser.parse(SAXParserImpl.java:522)
	at org.netbeans.modules.editor.settings.storage.Utils.load(Utils.java:336)
	at org.netbeans.modules.editor.settings.storage.StorageImpl._load(StorageImpl.java:261)
	at org.netbeans.modules.editor.settings.storage.StorageImpl.load(StorageImpl.java:110)
	at org.netbeans.modules.editor.settings.storage.api.EditorSettingsStorage.load(EditorSettingsStorage.java:86)
	at org.netbeans.modules.editor.settings.storage.preferences.PreferencesImpl.getLocal(PreferencesImpl.java:455)
	at org.netbeans.modules.editor.settings.storage.preferences.PreferencesImpl.getSpi(PreferencesImpl.java:289)
	at java.util.prefs.AbstractPreferences.get(AbstractPreferences.java:270)
	at org.netbeans.modules.editor.settings.storage.preferences.PreferencesImpl.getSpi(PreferencesImpl.java:294)
	at java.util.prefs.AbstractPreferences.get(AbstractPreferences.java:270)
	at java.util.prefs.AbstractPreferences.getInt(AbstractPreferences.java:369)
	at org.netbeans.editor.BaseDocument$1.preferenceChange(BaseDocument.java:344)
	at org.netbeans.editor.BaseDocument.init(BaseDocument.java:516)
	at org.netbeans.editor.BaseDocument.<init>(BaseDocument.java:495)
	at org.netbeans.modules.xml.xdm.diff.XDMUtil.compareXML(XDMUtil.java:163)
	at org.netbeans.modules.xml.xdm.diff.XDMUtil.compareXML(XDMUtil.java:143)
	at org.netbeans.modules.compapp.catd.ConfiguredTest.testCompareXMLIdentical(ConfiguredTest.java:2726)
	at org.netbeans.modules.compapp.catd.ConfiguredTest.testCompareXMLIdentical(ConfiguredTest.java:2719)
	at org.netbeans.modules.compapp.catd.ConfiguredTest.checkExpectedOutput(ConfiguredTest.java:2229)
	at org.netbeans.modules.compapp.catd.ConfiguredTest.checkExpectedOutput(ConfiguredTest.java:2122)
	at org.netbeans.modules.compapp.catd.ConfiguredTest.testConcurrentSOAPRequest(ConfiguredTest.java:748)
	at sun.reflect.NativeMethodAccessorImpl.invoke0(Native Method)
	at sun.reflect.NativeMethodAccessorImpl.invoke(NativeMethodAccessorImpl.java:39)
	at sun.reflect.DelegatingMethodAccessorImpl.invoke(DelegatingMethodAccessorImpl.java:25)
	at java.lang.reflect.Method.invoke(Method.java:597)
	at junit.framework.TestCase.runTest(TestCase.java:164)
	at junit.framework.TestCase.runBare(TestCase.java:130)
	at junit.framework.TestResult$1.protect(TestResult.java:106)
	at junit.framework.TestResult.runProtected(TestResult.java:124)
	at junit.framework.TestResult.run(TestResult.java:109)
	at junit.framework.TestCase.run(TestCase.java:120)
	at junit.framework.TestSuite.runTest(TestSuite.java:230)
	at junit.framework.TestSuite.run(TestSuite.java:225)
	at org.apache.tools.ant.taskdefs.optional.junit.JUnitTestRunner.run(JUnitTestRunner.java:515)
	at org.apache.tools.ant.taskdefs.optional.junit.JUnitTestRunner.launch(JUnitTestRunner.java:1031)
	at org.apache.tools.ant.taskdefs.optional.junit.JUnitTestRunner.main(JUnitTestRunner.java:888)
]]></system-err>
</testsuite>
